0 info it worked if it ends with ok
1 verbose cli [ 'C:\\Program Files\\nodejs\\node.exe',
1 verbose cli   'C:\\Program Files\\nodejs\\node_modules\\npm\\bin\\npm-cli.js',
1 verbose cli   '--prefix',
1 verbose cli   'themes/customized/_dev',
1 verbose cli   'run',
1 verbose cli   'watch' ]
2 info using npm@3.10.10
3 info using node@v6.11.1
4 verbose run-script [ 'prewatch', 'watch', 'postwatch' ]
5 info lifecycle prestashop-classic-dev-tools@1.0.0~prewatch: prestashop-classic-dev-tools@1.0.0
6 silly lifecycle prestashop-classic-dev-tools@1.0.0~prewatch: no script for prewatch, continuing
7 info lifecycle prestashop-classic-dev-tools@1.0.0~watch: prestashop-classic-dev-tools@1.0.0
8 verbose lifecycle prestashop-classic-dev-tools@1.0.0~watch: unsafe-perm in lifecycle true
9 verbose lifecycle prestashop-classic-dev-tools@1.0.0~watch: PATH: C:\Program Files\nodejs\node_modules\npm\bin\node-gyp-bin;C:\wamp\www\projets\Cours\Prestashop\themes\customized\_dev\node_modules\.bin;C:\Users\Maps_red\bin;C:\Program Files\Git\mingw64\bin;C:\Program Files\Git\usr\local\bin;C:\Program Files\Git\usr\bin;C:\Program Files\Git\usr\bin;C:\Program Files\Git\mingw64\bin;C:\Program Files\Git\usr\bin;C:\Users\Maps_red\bin;C:\Program Files\Docker\Docker\Resources\bin;C:\Program Files\Python35\Scripts;C:\Program Files\Python35;C:\ProgramData\Oracle\Java\javapath;C:\Windows\system32;C:\Windows;C:\Windows\System32\Wbem;C:\Windows\System32\WindowsPowerShell\v1.0;C:\Program Files (x86)\Gow\bin;C:\Program Files\Git\cmd;C:\Program Files\Git\mingw64\bin;C:\Program Files\Git\usr\bin;C:\Program Files (x86)\Skype\Phone;C:\WINDOWS\system32;C:\WINDOWS;C:\WINDOWS\System32\Wbem;C:\WINDOWS\System32\WindowsPowerShell\v1.0;C:\Program Files\Intel\WiFi\bin;C:\Program Files\Common Files\Intel\WirelessCommon;C:\wamp\bin\php\php7.2.4;C:\ProgramData\ComposerSetup\bin;C:\Program Files\nodejs;C:\Program Files (x86)\NVIDIA Corporation\PhysX\Common;C:\Program Files (x86)\sbt\bin;C:\Program Files (x86)\GnuPG\bin;C:\WINDOWS\system32;C:\WINDOWS;C:\WINDOWS\System32\Wbem;C:\WINDOWS\System32\WindowsPowerShell\v1.0;C:\Program Files (x86)\Windows Kits\8.1\Windows Performance Toolkit;C:\Program Files (x86)\Yarn\bin;C:\Users\Maps_red\AppData\Local\Microsoft\WindowsApps;C:\Program Files\Intel\WiFi\bin;C:\Program Files\Common Files\Intel\WirelessCommon;C:\Users\Maps_red\AppData\Roaming\Composer\vendor\bin;C:\Users\Maps_red\AppData\Roaming\npm;C:\Program Files (x86)\Windows Kits\10\bin\x64;C:\Users\Maps_red\AppData\Local\Yarn\bin;C:\Program Files\Git\usr\bin\vendor_perl;C:\Program Files\Git\usr\bin\core_perl
10 verbose lifecycle prestashop-classic-dev-tools@1.0.0~watch: CWD: C:\wamp\www\projets\Cours\Prestashop\themes\customized\_dev
11 silly lifecycle prestashop-classic-dev-tools@1.0.0~watch: Args: [ '/d /s /c', 'webpack -w' ]
12 silly lifecycle prestashop-classic-dev-tools@1.0.0~watch: Returned: code: 1  signal: null
13 info lifecycle prestashop-classic-dev-tools@1.0.0~watch: Failed to exec watch script
14 verbose stack Error: prestashop-classic-dev-tools@1.0.0 watch: `webpack -w`
14 verbose stack Exit status 1
14 verbose stack     at EventEmitter.<anonymous> (C:\Program Files\nodejs\node_modules\npm\lib\utils\lifecycle.js:255:16)
14 verbose stack     at emitTwo (events.js:106:13)
14 verbose stack     at EventEmitter.emit (events.js:191:7)
14 verbose stack     at ChildProcess.<anonymous> (C:\Program Files\nodejs\node_modules\npm\lib\utils\spawn.js:40:14)
14 verbose stack     at emitTwo (events.js:106:13)
14 verbose stack     at ChildProcess.emit (events.js:191:7)
14 verbose stack     at maybeClose (internal/child_process.js:891:16)
14 verbose stack     at Process.ChildProcess._handle.onexit (internal/child_process.js:226:5)
15 verbose pkgid prestashop-classic-dev-tools@1.0.0
16 verbose cwd C:\wamp\www\projets\Cours\Prestashop
17 error Windows_NT 10.0.16299
18 error argv "C:\\Program Files\\nodejs\\node.exe" "C:\\Program Files\\nodejs\\node_modules\\npm\\bin\\npm-cli.js" "--prefix" "themes/customized/_dev" "run" "watch"
19 error node v6.11.1
20 error npm  v3.10.10
21 error code ELIFECYCLE
22 error prestashop-classic-dev-tools@1.0.0 watch: `webpack -w`
22 error Exit status 1
23 error Failed at the prestashop-classic-dev-tools@1.0.0 watch script 'webpack -w'.
23 error Make sure you have the latest version of node.js and npm installed.
23 error If you do, this is most likely a problem with the prestashop-classic-dev-tools package,
23 error not with npm itself.
23 error Tell the author that this fails on your system:
23 error     webpack -w
23 error You can get information on how to open an issue for this project with:
23 error     npm bugs prestashop-classic-dev-tools
23 error Or if that isn't available, you can get their info via:
23 error     npm owner ls prestashop-classic-dev-tools
23 error There is likely additional logging output above.
24 verbose exit [ 1, true ]
